<?xml version="1.0" encoding="UTF-8"?>
<testsuite xmlns:xsi="http://www.w3.org/2001/XMLSchema-instance" xsi:noNamespaceSchemaLocation="https://maven.apache.org/surefire/maven-surefire-plugin/xsd/surefire-test-report.xsd" version="3.0.2" name="br.com.pedro.credito.repositories.CreditoRepositoryTest" time="4.035" tests="8" errors="0" skipped="0" failures="0">
  <properties>
    <property name="java.specification.version" value="17"/>
    <property name="sun.jnu.encoding" value="UTF-8"/>
    <property name="java.class.path" value="/home/pedro/Solipy/api-credito/target/test-classes:/home/pedro/Solipy/api-credito/target/classes:/home/pedro/.m2/repository/org/springframework/boot/spring-boot-starter-data-jpa/3.4.3/spring-boot-starter-data-jpa-3.4.3.jar:/home/pedro/.m2/repository/org/springframework/boot/spring-boot-starter/3.4.3/spring-boot-starter-3.4.3.jar:/home/pedro/.m2/repository/org/springframework/boot/spring-boot/3.4.3/spring-boot-3.4.3.jar:/home/pedro/.m2/repository/org/springframework/boot/spring-boot-autoconfigure/3.4.3/spring-boot-autoconfigure-3.4.3.jar:/home/pedro/.m2/repository/org/springframework/boot/spring-boot-starter-logging/3.4.3/spring-boot-starter-logging-3.4.3.jar:/home/pedro/.m2/repository/ch/qos/logback/logback-classic/1.5.16/logback-classic-1.5.16.jar:/home/pedro/.m2/repository/ch/qos/logback/logback-core/1.5.16/logback-core-1.5.16.jar:/home/pedro/.m2/repository/org/apache/logging/log4j/log4j-to-slf4j/2.24.3/log4j-to-slf4j-2.24.3.jar:/home/pedro/.m2/repository/org/apache/logging/log4j/log4j-api/2.24.3/log4j-api-2.24.3.jar:/home/pedro/.m2/repository/org/slf4j/jul-to-slf4j/2.0.16/jul-to-slf4j-2.0.16.jar:/home/pedro/.m2/repository/jakarta/annotation/jakarta.annotation-api/2.1.1/jakarta.annotation-api-2.1.1.jar:/home/pedro/.m2/repository/org/yaml/snakeyaml/2.3/snakeyaml-2.3.jar:/home/pedro/.m2/repository/org/springframework/boot/spring-boot-starter-jdbc/3.4.3/spring-boot-starter-jdbc-3.4.3.jar:/home/pedro/.m2/repository/com/zaxxer/HikariCP/5.1.0/HikariCP-5.1.0.jar:/home/pedro/.m2/repository/org/springframework/spring-jdbc/6.2.3/spring-jdbc-6.2.3.jar:/home/pedro/.m2/repository/org/hibernate/orm/hibernate-core/6.6.8.Final/hibernate-core-6.6.8.Final.jar:/home/pedro/.m2/repository/jakarta/persistence/jakarta.persistence-api/3.1.0/jakarta.persistence-api-3.1.0.jar:/home/pedro/.m2/repository/jakarta/transaction/jakarta.transaction-api/2.0.1/jakarta.transaction-api-2.0.1.jar:/home/pedro/.m2/repository/org/jboss/logging/jboss-logging/3.6.1.Final/jboss-logging-3.6.1.Final.jar:/home/pedro/.m2/repository/org/hibernate/common/hibernate-commons-annotations/7.0.3.Final/hibernate-commons-annotations-7.0.3.Final.jar:/home/pedro/.m2/repository/io/smallrye/jandex/3.2.0/jandex-3.2.0.jar:/home/pedro/.m2/repository/com/fasterxml/classmate/1.7.0/classmate-1.7.0.jar:/home/pedro/.m2/repository/net/bytebuddy/byte-buddy/1.15.11/byte-buddy-1.15.11.jar:/home/pedro/.m2/repository/org/glassfish/jaxb/jaxb-runtime/4.0.5/jaxb-runtime-4.0.5.jar:/home/pedro/.m2/repository/org/glassfish/jaxb/jaxb-core/4.0.5/jaxb-core-4.0.5.jar:/home/pedro/.m2/repository/org/eclipse/angus/angus-activation/2.0.2/angus-activation-2.0.2.jar:/home/pedro/.m2/repository/org/glassfish/jaxb/txw2/4.0.5/txw2-4.0.5.jar:/home/pedro/.m2/repository/com/sun/istack/istack-commons-runtime/4.1.2/istack-commons-runtime-4.1.2.jar:/home/pedro/.m2/repository/jakarta/inject/jakarta.inject-api/2.0.1/jakarta.inject-api-2.0.1.jar:/home/pedro/.m2/repository/org/antlr/antlr4-runtime/4.13.0/antlr4-runtime-4.13.0.jar:/home/pedro/.m2/repository/org/springframework/data/spring-data-jpa/3.4.3/spring-data-jpa-3.4.3.jar:/home/pedro/.m2/repository/org/springframework/data/spring-data-commons/3.4.3/spring-data-commons-3.4.3.jar:/home/pedro/.m2/repository/org/springframework/spring-orm/6.2.3/spring-orm-6.2.3.jar:/home/pedro/.m2/repository/org/springframework/spring-context/6.2.3/spring-context-6.2.3.jar:/home/pedro/.m2/repository/org/springframework/spring-tx/6.2.3/spring-tx-6.2.3.jar:/home/pedro/.m2/repository/org/springframework/spring-beans/6.2.3/spring-beans-6.2.3.jar:/home/pedro/.m2/repository/org/springframework/spring-aspects/6.2.3/spring-aspects-6.2.3.jar:/home/pedro/.m2/repository/org/aspectj/aspectjweaver/1.9.22.1/aspectjweaver-1.9.22.1.jar:/home/pedro/.m2/repository/org/springframework/boot/spring-boot-starter-web/3.4.3/spring-boot-starter-web-3.4.3.jar:/home/pedro/.m2/repository/org/springframework/boot/spring-boot-starter-json/3.4.3/spring-boot-starter-json-3.4.3.jar:/home/pedro/.m2/repository/com/fasterxml/jackson/core/jackson-databind/2.18.2/jackson-databind-2.18.2.jar:/home/pedro/.m2/repository/com/fasterxml/jackson/core/jackson-core/2.18.2/jackson-core-2.18.2.jar:/home/pedro/.m2/repository/com/fasterxml/jackson/datatype/jackson-datatype-jdk8/2.18.2/jackson-datatype-jdk8-2.18.2.jar:/home/pedro/.m2/repository/com/fasterxml/jackson/datatype/jackson-datatype-jsr310/2.18.2/jackson-datatype-jsr310-2.18.2.jar:/home/pedro/.m2/repository/com/fasterxml/jackson/module/jackson-module-parameter-names/2.18.2/jackson-module-parameter-names-2.18.2.jar:/home/pedro/.m2/repository/org/springframework/boot/spring-boot-starter-tomcat/3.4.3/spring-boot-starter-tomcat-3.4.3.jar:/home/pedro/.m2/repository/org/apache/tomcat/embed/tomcat-embed-core/10.1.36/tomcat-embed-core-10.1.36.jar:/home/pedro/.m2/repository/org/apache/tomcat/embed/tomcat-embed-el/10.1.36/tomcat-embed-el-10.1.36.jar:/home/pedro/.m2/repository/org/apache/tomcat/embed/tomcat-embed-websocket/10.1.36/tomcat-embed-websocket-10.1.36.jar:/home/pedro/.m2/repository/org/springframework/spring-web/6.2.3/spring-web-6.2.3.jar:/home/pedro/.m2/repository/io/micrometer/micrometer-observation/1.14.4/micrometer-observation-1.14.4.jar:/home/pedro/.m2/repository/io/micrometer/micrometer-commons/1.14.4/micrometer-commons-1.14.4.jar:/home/pedro/.m2/repository/org/springframework/spring-webmvc/6.2.3/spring-webmvc-6.2.3.jar:/home/pedro/.m2/repository/org/springframework/spring-expression/6.2.3/spring-expression-6.2.3.jar:/home/pedro/.m2/repository/org/postgresql/postgresql/42.7.5/postgresql-42.7.5.jar:/home/pedro/.m2/repository/org/checkerframework/checker-qual/3.48.3/checker-qual-3.48.3.jar:/home/pedro/.m2/repository/org/springframework/boot/spring-boot-starter-security/3.4.3/spring-boot-starter-security-3.4.3.jar:/home/pedro/.m2/repository/org/springframework/spring-aop/6.2.3/spring-aop-6.2.3.jar:/home/pedro/.m2/repository/org/springframework/security/spring-security-config/6.4.3/spring-security-config-6.4.3.jar:/home/pedro/.m2/repository/org/springframework/security/spring-security-web/6.4.3/spring-security-web-6.4.3.jar:/home/pedro/.m2/repository/org/projectlombok/lombok/1.18.36/lombok-1.18.36.jar:/home/pedro/.m2/repository/org/mapstruct/mapstruct/1.5.5.Final/mapstruct-1.5.5.Final.jar:/home/pedro/.m2/repository/org/springframework/boot/spring-boot-starter-test/3.4.3/spring-boot-starter-test-3.4.3.jar:/home/pedro/.m2/repository/org/springframework/boot/spring-boot-test/3.4.3/spring-boot-test-3.4.3.jar:/home/pedro/.m2/repository/org/springframework/boot/spring-boot-test-autoconfigure/3.4.3/spring-boot-test-autoconfigure-3.4.3.jar:/home/pedro/.m2/repository/com/jayway/jsonpath/json-path/2.9.0/json-path-2.9.0.jar:/home/pedro/.m2/repository/jakarta/xml/bind/jakarta.xml.bind-api/4.0.2/jakarta.xml.bind-api-4.0.2.jar:/home/pedro/.m2/repository/jakarta/activation/jakarta.activation-api/2.1.3/jakarta.activation-api-2.1.3.jar:/home/pedro/.m2/repository/net/minidev/json-smart/2.5.2/json-smart-2.5.2.jar:/home/pedro/.m2/repository/net/minidev/accessors-smart/2.5.2/accessors-smart-2.5.2.jar:/home/pedro/.m2/repository/org/ow2/asm/asm/9.7.1/asm-9.7.1.jar:/home/pedro/.m2/repository/org/assertj/assertj-core/3.26.3/assertj-core-3.26.3.jar:/home/pedro/.m2/repository/org/awaitility/awaitility/4.2.2/awaitility-4.2.2.jar:/home/pedro/.m2/repository/org/hamcrest/hamcrest/2.2/hamcrest-2.2.jar:/home/pedro/.m2/repository/org/junit/jupiter/junit-jupiter/5.11.4/junit-jupiter-5.11.4.jar:/home/pedro/.m2/repository/org/junit/jupiter/junit-jupiter-api/5.11.4/junit-jupiter-api-5.11.4.jar:/home/pedro/.m2/repository/org/opentest4j/opentest4j/1.3.0/opentest4j-1.3.0.jar:/home/pedro/.m2/repository/org/junit/platform/junit-platform-commons/1.11.4/junit-platform-commons-1.11.4.jar:/home/pedro/.m2/repository/org/apiguardian/apiguardian-api/1.1.2/apiguardian-api-1.1.2.jar:/home/pedro/.m2/repository/org/junit/jupiter/junit-jupiter-params/5.11.4/junit-jupiter-params-5.11.4.jar:/home/pedro/.m2/repository/org/junit/jupiter/junit-jupiter-engine/5.11.4/junit-jupiter-engine-5.11.4.jar:/home/pedro/.m2/repository/org/junit/platform/junit-platform-engine/1.11.4/junit-platform-engine-1.11.4.jar:/home/pedro/.m2/repository/org/mockito/mockito-core/5.14.2/mockito-core-5.14.2.jar:/home/pedro/.m2/repository/net/bytebuddy/byte-buddy-agent/1.15.11/byte-buddy-agent-1.15.11.jar:/home/pedro/.m2/repository/org/objenesis/objenesis/3.3/objenesis-3.3.jar:/home/pedro/.m2/repository/org/mockito/mockito-junit-jupiter/5.14.2/mockito-junit-jupiter-5.14.2.jar:/home/pedro/.m2/repository/org/skyscreamer/jsonassert/1.5.3/jsonassert-1.5.3.jar:/home/pedro/.m2/repository/com/vaadin/external/google/android-json/0.0.20131108.vaadin1/android-json-0.0.20131108.vaadin1.jar:/home/pedro/.m2/repository/org/springframework/spring-core/6.2.3/spring-core-6.2.3.jar:/home/pedro/.m2/repository/org/springframework/spring-jcl/6.2.3/spring-jcl-6.2.3.jar:/home/pedro/.m2/repository/org/springframework/spring-test/6.2.3/spring-test-6.2.3.jar:/home/pedro/.m2/repository/org/xmlunit/xmlunit-core/2.10.0/xmlunit-core-2.10.0.jar:/home/pedro/.m2/repository/org/springframework/security/spring-security-test/6.4.3/spring-security-test-6.4.3.jar:/home/pedro/.m2/repository/org/springframework/security/spring-security-core/6.4.3/spring-security-core-6.4.3.jar:/home/pedro/.m2/repository/org/springframework/security/spring-security-crypto/6.4.3/spring-security-crypto-6.4.3.jar:/home/pedro/.m2/repository/org/testcontainers/testcontainers/1.18.1/testcontainers-1.18.1.jar:/home/pedro/.m2/repository/junit/junit/4.13.2/junit-4.13.2.jar:/home/pedro/.m2/repository/org/hamcrest/hamcrest-core/2.2/hamcrest-core-2.2.jar:/home/pedro/.m2/repository/org/slf4j/slf4j-api/2.0.16/slf4j-api-2.0.16.jar:/home/pedro/.m2/repository/org/apache/commons/commons-compress/1.23.0/commons-compress-1.23.0.jar:/home/pedro/.m2/repository/org/rnorth/duct-tape/duct-tape/1.0.8/duct-tape-1.0.8.jar:/home/pedro/.m2/repository/org/jetbrains/annotations/17.0.0/annotations-17.0.0.jar:/home/pedro/.m2/repository/com/github/docker-java/docker-java-api/3.3.0/docker-java-api-3.3.0.jar:/home/pedro/.m2/repository/com/fasterxml/jackson/core/jackson-annotations/2.18.2/jackson-annotations-2.18.2.jar:/home/pedro/.m2/repository/com/github/docker-java/docker-java-transport-zerodep/3.3.0/docker-java-transport-zerodep-3.3.0.jar:/home/pedro/.m2/repository/com/github/docker-java/docker-java-transport/3.3.0/docker-java-transport-3.3.0.jar:/home/pedro/.m2/repository/net/java/dev/jna/jna/5.12.1/jna-5.12.1.jar:/home/pedro/.m2/repository/org/testcontainers/postgresql/1.20.0/postgresql-1.20.0.jar:/home/pedro/.m2/repository/org/testcontainers/jdbc/1.20.5/jdbc-1.20.5.jar:/home/pedro/.m2/repository/org/testcontainers/database-commons/1.20.5/database-commons-1.20.5.jar:/home/pedro/.m2/repository/org/testcontainers/junit-jupiter/1.18.1/junit-jupiter-1.18.1.jar:"/>
    <property name="java.vm.vendor" value="Ubuntu"/>
    <property name="sun.arch.data.model" value="64"/>
    <property name="java.vendor.url" value="https://ubuntu.com/"/>
    <property name="catalina.useNaming" value="false"/>
    <property name="user.timezone" value="America/Fortaleza"/>
    <property name="org.jboss.logging.provider" value="slf4j"/>
    <property name="os.name" value="Linux"/>
    <property name="java.vm.specification.version" value="17"/>
    <property name="APPLICATION_NAME" value="credito"/>
    <property name="sun.java.launcher" value="SUN_STANDARD"/>
    <property name="user.country" value="BR"/>
    <property name="sun.boot.library.path" value="/usr/lib/jvm/java-17-openjdk-amd64/lib"/>
    <property name="sun.java.command" value="/home/pedro/Solipy/api-credito/target/surefire/surefirebooter-20250312005709178_3.jar /home/pedro/Solipy/api-credito/target/surefire 2025-03-12T00-57-07_709-jvmRun1 surefire-20250312005709178_1tmp surefire_0-20250312005709178_2tmp"/>
    <property name="jdk.debug" value="release"/>
    <property name="surefire.test.class.path" value="/home/pedro/Solipy/api-credito/target/test-classes:/home/pedro/Solipy/api-credito/target/classes:/home/pedro/.m2/repository/org/springframework/boot/spring-boot-starter-data-jpa/3.4.3/spring-boot-starter-data-jpa-3.4.3.jar:/home/pedro/.m2/repository/org/springframework/boot/spring-boot-starter/3.4.3/spring-boot-starter-3.4.3.jar:/home/pedro/.m2/repository/org/springframework/boot/spring-boot/3.4.3/spring-boot-3.4.3.jar:/home/pedro/.m2/repository/org/springframework/boot/spring-boot-autoconfigure/3.4.3/spring-boot-autoconfigure-3.4.3.jar:/home/pedro/.m2/repository/org/springframework/boot/spring-boot-starter-logging/3.4.3/spring-boot-starter-logging-3.4.3.jar:/home/pedro/.m2/repository/ch/qos/logback/logback-classic/1.5.16/logback-classic-1.5.16.jar:/home/pedro/.m2/repository/ch/qos/logback/logback-core/1.5.16/logback-core-1.5.16.jar:/home/pedro/.m2/repository/org/apache/logging/log4j/log4j-to-slf4j/2.24.3/log4j-to-slf4j-2.24.3.jar:/home/pedro/.m2/repository/org/apache/logging/log4j/log4j-api/2.24.3/log4j-api-2.24.3.jar:/home/pedro/.m2/repository/org/slf4j/jul-to-slf4j/2.0.16/jul-to-slf4j-2.0.16.jar:/home/pedro/.m2/repository/jakarta/annotation/jakarta.annotation-api/2.1.1/jakarta.annotation-api-2.1.1.jar:/home/pedro/.m2/repository/org/yaml/snakeyaml/2.3/snakeyaml-2.3.jar:/home/pedro/.m2/repository/org/springframework/boot/spring-boot-starter-jdbc/3.4.3/spring-boot-starter-jdbc-3.4.3.jar:/home/pedro/.m2/repository/com/zaxxer/HikariCP/5.1.0/HikariCP-5.1.0.jar:/home/pedro/.m2/repository/org/springframework/spring-jdbc/6.2.3/spring-jdbc-6.2.3.jar:/home/pedro/.m2/repository/org/hibernate/orm/hibernate-core/6.6.8.Final/hibernate-core-6.6.8.Final.jar:/home/pedro/.m2/repository/jakarta/persistence/jakarta.persistence-api/3.1.0/jakarta.persistence-api-3.1.0.jar:/home/pedro/.m2/repository/jakarta/transaction/jakarta.transaction-api/2.0.1/jakarta.transaction-api-2.0.1.jar:/home/pedro/.m2/repository/org/jboss/logging/jboss-logging/3.6.1.Final/jboss-logging-3.6.1.Final.jar:/home/pedro/.m2/repository/org/hibernate/common/hibernate-commons-annotations/7.0.3.Final/hibernate-commons-annotations-7.0.3.Final.jar:/home/pedro/.m2/repository/io/smallrye/jandex/3.2.0/jandex-3.2.0.jar:/home/pedro/.m2/repository/com/fasterxml/classmate/1.7.0/classmate-1.7.0.jar:/home/pedro/.m2/repository/net/bytebuddy/byte-buddy/1.15.11/byte-buddy-1.15.11.jar:/home/pedro/.m2/repository/org/glassfish/jaxb/jaxb-runtime/4.0.5/jaxb-runtime-4.0.5.jar:/home/pedro/.m2/repository/org/glassfish/jaxb/jaxb-core/4.0.5/jaxb-core-4.0.5.jar:/home/pedro/.m2/repository/org/eclipse/angus/angus-activation/2.0.2/angus-activation-2.0.2.jar:/home/pedro/.m2/repository/org/glassfish/jaxb/txw2/4.0.5/txw2-4.0.5.jar:/home/pedro/.m2/repository/com/sun/istack/istack-commons-runtime/4.1.2/istack-commons-runtime-4.1.2.jar:/home/pedro/.m2/repository/jakarta/inject/jakarta.inject-api/2.0.1/jakarta.inject-api-2.0.1.jar:/home/pedro/.m2/repository/org/antlr/antlr4-runtime/4.13.0/antlr4-runtime-4.13.0.jar:/home/pedro/.m2/repository/org/springframework/data/spring-data-jpa/3.4.3/spring-data-jpa-3.4.3.jar:/home/pedro/.m2/repository/org/springframework/data/spring-data-commons/3.4.3/spring-data-commons-3.4.3.jar:/home/pedro/.m2/repository/org/springframework/spring-orm/6.2.3/spring-orm-6.2.3.jar:/home/pedro/.m2/repository/org/springframework/spring-context/6.2.3/spring-context-6.2.3.jar:/home/pedro/.m2/repository/org/springframework/spring-tx/6.2.3/spring-tx-6.2.3.jar:/home/pedro/.m2/repository/org/springframework/spring-beans/6.2.3/spring-beans-6.2.3.jar:/home/pedro/.m2/repository/org/springframework/spring-aspects/6.2.3/spring-aspects-6.2.3.jar:/home/pedro/.m2/repository/org/aspectj/aspectjweaver/1.9.22.1/aspectjweaver-1.9.22.1.jar:/home/pedro/.m2/repository/org/springframework/boot/spring-boot-starter-web/3.4.3/spring-boot-starter-web-3.4.3.jar:/home/pedro/.m2/repository/org/springframework/boot/spring-boot-starter-json/3.4.3/spring-boot-starter-json-3.4.3.jar:/home/pedro/.m2/repository/com/fasterxml/jackson/core/jackson-databind/2.18.2/jackson-databind-2.18.2.jar:/home/pedro/.m2/repository/com/fasterxml/jackson/core/jackson-core/2.18.2/jackson-core-2.18.2.jar:/home/pedro/.m2/repository/com/fasterxml/jackson/datatype/jackson-datatype-jdk8/2.18.2/jackson-datatype-jdk8-2.18.2.jar:/home/pedro/.m2/repository/com/fasterxml/jackson/datatype/jackson-datatype-jsr310/2.18.2/jackson-datatype-jsr310-2.18.2.jar:/home/pedro/.m2/repository/com/fasterxml/jackson/module/jackson-module-parameter-names/2.18.2/jackson-module-parameter-names-2.18.2.jar:/home/pedro/.m2/repository/org/springframework/boot/spring-boot-starter-tomcat/3.4.3/spring-boot-starter-tomcat-3.4.3.jar:/home/pedro/.m2/repository/org/apache/tomcat/embed/tomcat-embed-core/10.1.36/tomcat-embed-core-10.1.36.jar:/home/pedro/.m2/repository/org/apache/tomcat/embed/tomcat-embed-el/10.1.36/tomcat-embed-el-10.1.36.jar:/home/pedro/.m2/repository/org/apache/tomcat/embed/tomcat-embed-websocket/10.1.36/tomcat-embed-websocket-10.1.36.jar:/home/pedro/.m2/repository/org/springframework/spring-web/6.2.3/spring-web-6.2.3.jar:/home/pedro/.m2/repository/io/micrometer/micrometer-observation/1.14.4/micrometer-observation-1.14.4.jar:/home/pedro/.m2/repository/io/micrometer/micrometer-commons/1.14.4/micrometer-commons-1.14.4.jar:/home/pedro/.m2/repository/org/springframework/spring-webmvc/6.2.3/spring-webmvc-6.2.3.jar:/home/pedro/.m2/repository/org/springframework/spring-expression/6.2.3/spring-expression-6.2.3.jar:/home/pedro/.m2/repository/org/postgresql/postgresql/42.7.5/postgresql-42.7.5.jar:/home/pedro/.m2/repository/org/checkerframework/checker-qual/3.48.3/checker-qual-3.48.3.jar:/home/pedro/.m2/repository/org/springframework/boot/spring-boot-starter-security/3.4.3/spring-boot-starter-security-3.4.3.jar:/home/pedro/.m2/repository/org/springframework/spring-aop/6.2.3/spring-aop-6.2.3.jar:/home/pedro/.m2/repository/org/springframework/security/spring-security-config/6.4.3/spring-security-config-6.4.3.jar:/home/pedro/.m2/repository/org/springframework/security/spring-security-web/6.4.3/spring-security-web-6.4.3.jar:/home/pedro/.m2/repository/org/projectlombok/lombok/1.18.36/lombok-1.18.36.jar:/home/pedro/.m2/repository/org/mapstruct/mapstruct/1.5.5.Final/mapstruct-1.5.5.Final.jar:/home/pedro/.m2/repository/org/springframework/boot/spring-boot-starter-test/3.4.3/spring-boot-starter-test-3.4.3.jar:/home/pedro/.m2/repository/org/springframework/boot/spring-boot-test/3.4.3/spring-boot-test-3.4.3.jar:/home/pedro/.m2/repository/org/springframework/boot/spring-boot-test-autoconfigure/3.4.3/spring-boot-test-autoconfigure-3.4.3.jar:/home/pedro/.m2/repository/com/jayway/jsonpath/json-path/2.9.0/json-path-2.9.0.jar:/home/pedro/.m2/repository/jakarta/xml/bind/jakarta.xml.bind-api/4.0.2/jakarta.xml.bind-api-4.0.2.jar:/home/pedro/.m2/repository/jakarta/activation/jakarta.activation-api/2.1.3/jakarta.activation-api-2.1.3.jar:/home/pedro/.m2/repository/net/minidev/json-smart/2.5.2/json-smart-2.5.2.jar:/home/pedro/.m2/repository/net/minidev/accessors-smart/2.5.2/accessors-smart-2.5.2.jar:/home/pedro/.m2/repository/org/ow2/asm/asm/9.7.1/asm-9.7.1.jar:/home/pedro/.m2/repository/org/assertj/assertj-core/3.26.3/assertj-core-3.26.3.jar:/home/pedro/.m2/repository/org/awaitility/awaitility/4.2.2/awaitility-4.2.2.jar:/home/pedro/.m2/repository/org/hamcrest/hamcrest/2.2/hamcrest-2.2.jar:/home/pedro/.m2/repository/org/junit/jupiter/junit-jupiter/5.11.4/junit-jupiter-5.11.4.jar:/home/pedro/.m2/repository/org/junit/jupiter/junit-jupiter-api/5.11.4/junit-jupiter-api-5.11.4.jar:/home/pedro/.m2/repository/org/opentest4j/opentest4j/1.3.0/opentest4j-1.3.0.jar:/home/pedro/.m2/repository/org/junit/platform/junit-platform-commons/1.11.4/junit-platform-commons-1.11.4.jar:/home/pedro/.m2/repository/org/apiguardian/apiguardian-api/1.1.2/apiguardian-api-1.1.2.jar:/home/pedro/.m2/repository/org/junit/jupiter/junit-jupiter-params/5.11.4/junit-jupiter-params-5.11.4.jar:/home/pedro/.m2/repository/org/junit/jupiter/junit-jupiter-engine/5.11.4/junit-jupiter-engine-5.11.4.jar:/home/pedro/.m2/repository/org/junit/platform/junit-platform-engine/1.11.4/junit-platform-engine-1.11.4.jar:/home/pedro/.m2/repository/org/mockito/mockito-core/5.14.2/mockito-core-5.14.2.jar:/home/pedro/.m2/repository/net/bytebuddy/byte-buddy-agent/1.15.11/byte-buddy-agent-1.15.11.jar:/home/pedro/.m2/repository/org/objenesis/objenesis/3.3/objenesis-3.3.jar:/home/pedro/.m2/repository/org/mockito/mockito-junit-jupiter/5.14.2/mockito-junit-jupiter-5.14.2.jar:/home/pedro/.m2/repository/org/skyscreamer/jsonassert/1.5.3/jsonassert-1.5.3.jar:/home/pedro/.m2/repository/com/vaadin/external/google/android-json/0.0.20131108.vaadin1/android-json-0.0.20131108.vaadin1.jar:/home/pedro/.m2/repository/org/springframework/spring-core/6.2.3/spring-core-6.2.3.jar:/home/pedro/.m2/repository/org/springframework/spring-jcl/6.2.3/spring-jcl-6.2.3.jar:/home/pedro/.m2/repository/org/springframework/spring-test/6.2.3/spring-test-6.2.3.jar:/home/pedro/.m2/repository/org/xmlunit/xmlunit-core/2.10.0/xmlunit-core-2.10.0.jar:/home/pedro/.m2/repository/org/springframework/security/spring-security-test/6.4.3/spring-security-test-6.4.3.jar:/home/pedro/.m2/repository/org/springframework/security/spring-security-core/6.4.3/spring-security-core-6.4.3.jar:/home/pedro/.m2/repository/org/springframework/security/spring-security-crypto/6.4.3/spring-security-crypto-6.4.3.jar:/home/pedro/.m2/repository/org/testcontainers/testcontainers/1.18.1/testcontainers-1.18.1.jar:/home/pedro/.m2/repository/junit/junit/4.13.2/junit-4.13.2.jar:/home/pedro/.m2/repository/org/hamcrest/hamcrest-core/2.2/hamcrest-core-2.2.jar:/home/pedro/.m2/repository/org/slf4j/slf4j-api/2.0.16/slf4j-api-2.0.16.jar:/home/pedro/.m2/repository/org/apache/commons/commons-compress/1.23.0/commons-compress-1.23.0.jar:/home/pedro/.m2/repository/org/rnorth/duct-tape/duct-tape/1.0.8/duct-tape-1.0.8.jar:/home/pedro/.m2/repository/org/jetbrains/annotations/17.0.0/annotations-17.0.0.jar:/home/pedro/.m2/repository/com/github/docker-java/docker-java-api/3.3.0/docker-java-api-3.3.0.jar:/home/pedro/.m2/repository/com/fasterxml/jackson/core/jackson-annotations/2.18.2/jackson-annotations-2.18.2.jar:/home/pedro/.m2/repository/com/github/docker-java/docker-java-transport-zerodep/3.3.0/docker-java-transport-zerodep-3.3.0.jar:/home/pedro/.m2/repository/com/github/docker-java/docker-java-transport/3.3.0/docker-java-transport-3.3.0.jar:/home/pedro/.m2/repository/net/java/dev/jna/jna/5.12.1/jna-5.12.1.jar:/home/pedro/.m2/repository/org/testcontainers/postgresql/1.20.0/postgresql-1.20.0.jar:/home/pedro/.m2/repository/org/testcontainers/jdbc/1.20.5/jdbc-1.20.5.jar:/home/pedro/.m2/repository/org/testcontainers/database-commons/1.20.5/database-commons-1.20.5.jar:/home/pedro/.m2/repository/org/testcontainers/junit-jupiter/1.18.1/junit-jupiter-1.18.1.jar:"/>
    <property name="sun.cpu.endian" value="little"/>
    <property name="user.home" value="/home/pedro"/>
    <property name="user.language" value="pt"/>
    <property name="java.specification.vendor" value="Oracle Corporation"/>
    <property name="java.version.date" value="2025-01-21"/>
    <property name="java.home" value="/usr/lib/jvm/java-17-openjdk-amd64"/>
    <property name="file.separator" value="/"/>
    <property name="basedir" value="/home/pedro/Solipy/api-credito"/>
    <property name="java.vm.compressedOopsMode" value="Zero based"/>
    <property name="line.separator" value="&#10;"/>
    <property name="java.specification.name" value="Java Platform API Specification"/>
    <property name="java.vm.specification.vendor" value="Oracle Corporation"/>
    <property name="FILE_LOG_CHARSET" value="UTF-8"/>
    <property name="java.awt.headless" value="true"/>
    <property name="surefire.real.class.path" value="/home/pedro/Solipy/api-credito/target/surefire/surefirebooter-20250312005709178_3.jar"/>
    <property name="sun.management.compiler" value="HotSpot 64-Bit Tiered Compilers"/>
    <property name="java.runtime.version" value="17.0.14+7-Ubuntu-122.04.1"/>
    <property name="user.name" value="pedro"/>
    <property name="path.separator" value=":"/>
    <property name="os.version" value="6.9.3-76060903-generic"/>
    <property name="java.runtime.name" value="OpenJDK Runtime Environment"/>
    <property name="file.encoding" value="UTF-8"/>
    <property name="java.vm.name" value="OpenJDK 64-Bit Server VM"/>
    <property name="localRepository" value="/home/pedro/.m2/repository"/>
    <property name="java.vendor.url.bug" value="https://bugs.launchpad.net/ubuntu/+source/openjdk-17"/>
    <property name="java.io.tmpdir" value="/tmp"/>
    <property name="catalina.home" value="/tmp/tomcat.0.14703281661547735702"/>
    <property name="java.version" value="17.0.14"/>
    <property name="user.dir" value="/home/pedro/Solipy/api-credito"/>
    <property name="os.arch" value="amd64"/>
    <property name="java.vm.specification.name" value="Java Virtual Machine Specification"/>
    <property name="PID" value="630207"/>
    <property name="CONSOLE_LOG_CHARSET" value="UTF-8"/>
    <property name="catalina.base" value="/tmp/tomcat.0.14703281661547735702"/>
    <property name="native.encoding" value="UTF-8"/>
    <property name="java.library.path" value="/usr/java/packages/lib:/usr/lib/x86_64-linux-gnu/jni:/lib/x86_64-linux-gnu:/usr/lib/x86_64-linux-gnu:/usr/lib/jni:/lib:/usr/lib"/>
    <property name="java.vm.info" value="mixed mode, sharing"/>
    <property name="java.vendor" value="Ubuntu"/>
    <property name="java.vm.version" value="17.0.14+7-Ubuntu-122.04.1"/>
    <property name="java.specification.maintenance.version" value="1"/>
    <property name="sun.io.unicode.encoding" value="UnicodeLittle"/>
    <property name="java.class.version" value="61.0"/>
    <property name="LOGGED_APPLICATION_NAME" value="[credito] "/>
  </properties>
  <testcase name="findOneByNumeroCreditoInvalidoTest" classname="br.com.pedro.credito.repositories.CreditoRepositoryTest" time="0.274">
    <system-out><![CDATA[2025-03-12T00:57:14.110-03:00  INFO 630207 --- [credito] [           main] o.t.utility.ImageNameSubstitutor         : Image name substitution will be performed by: DefaultImageNameSubstitutor (composite of 'ConfigurationFileImageNameSubstitutor' and 'PrefixingImageNameSubstitutor')
2025-03-12T00:57:14.238-03:00  INFO 630207 --- [credito] [           main] o.t.d.DockerClientProviderStrategy       : Loaded org.testcontainers.dockerclient.UnixSocketClientProviderStrategy from ~/.testcontainers.properties, will try it first
2025-03-12T00:57:14.550-03:00  INFO 630207 --- [credito] [           main] o.t.d.DockerClientProviderStrategy       : Found Docker environment with local Unix socket (unix:///var/run/docker.sock)
2025-03-12T00:57:14.552-03:00  INFO 630207 --- [credito] [           main] org.testcontainers.DockerClientFactory   : Docker host IP address is localhost
2025-03-12T00:57:14.570-03:00  INFO 630207 --- [credito] [           main] org.testcontainers.DockerClientFactory   : Connected to docker: 
  Server Version: 28.0.1
  API Version: 1.48
  Operating System: Pop!_OS 22.04 LTS
  Total Memory: 23901 MB
2025-03-12T00:57:14.602-03:00  INFO 630207 --- [credito] [           main] tc.testcontainers/ryuk:0.4.0             : Creating container for image: testcontainers/ryuk:0.4.0
2025-03-12T00:57:14.608-03:00  INFO 630207 --- [credito] [           main] o.t.utility.RegistryAuthLocator          : Failure when attempting to lookup auth config. Please ignore if you don't have images in an authenticated registry. Details: (dockerImageName: testcontainers/ryuk:0.4.0, configFile: /home/pedro/.docker/config.json, configEnv: DOCKER_AUTH_CONFIG). Falling back to docker-java default behaviour. Exception message: Status 404: No config supplied. Checked in order: /home/pedro/.docker/config.json (file not found), DOCKER_AUTH_CONFIG (not set)
2025-03-12T00:57:14.729-03:00  INFO 630207 --- [credito] [           main] tc.testcontainers/ryuk:0.4.0             : Container testcontainers/ryuk:0.4.0 is starting: 1f91d7133dfeb12668d1a82e0bc6477fbdf18d6596edadea9067a8432970033c
2025-03-12T00:57:14.942-03:00  INFO 630207 --- [credito] [           main] tc.testcontainers/ryuk:0.4.0             : Container testcontainers/ryuk:0.4.0 started in PT0.360941914S
2025-03-12T00:57:14.945-03:00  INFO 630207 --- [credito] [           main] o.t.utility.RyukResourceReaper           : Ryuk started - will monitor and terminate Testcontainers containers on JVM exit
2025-03-12T00:57:14.945-03:00  INFO 630207 --- [credito] [           main] org.testcontainers.DockerClientFactory   : Checking the system...
2025-03-12T00:57:14.946-03:00  INFO 630207 --- [credito] [           main] org.testcontainers.DockerClientFactory   : ✔︎ Docker server version should be at least 1.6.0
2025-03-12T00:57:14.946-03:00  INFO 630207 --- [credito] [           main] tc.postgres:17.4-alpine                  : Creating container for image: postgres:17.4-alpine
2025-03-12T00:57:14.972-03:00  INFO 630207 --- [credito] [           main] tc.postgres:17.4-alpine                  : Container postgres:17.4-alpine is starting: e00a432ef58b80d6029a49f51d51389dcc61876242b980586c077e8e8784dfe2
2025-03-12T00:57:16.522-03:00  INFO 630207 --- [credito] [           main] tc.postgres:17.4-alpine                  : Container postgres:17.4-alpine started in PT1.575889682S
2025-03-12T00:57:16.523-03:00  INFO 630207 --- [credito] [           main] tc.postgres:17.4-alpine                  : Container is started (JDBC URL: jdbc:postgresql://localhost:32769/testdb?loggerLevel=OFF)
2025-03-12T00:57:16.525-03:00  INFO 630207 --- [credito] [           main] t.c.s.AnnotationConfigContextLoaderUtils : Could not detect default configuration classes for test class [br.com.pedro.credito.repositories.CreditoRepositoryTest]: CreditoRepositoryTest does not declare any static, non-private, non-final, nested classes annotated with @Configuration.
2025-03-12T00:57:16.532-03:00  INFO 630207 --- [credito] [           main] .b.t.c.SpringBootTestContextBootstrapper : Found @SpringBootConfiguration br.com.pedro.credito.CreditoApplication for test class br.com.pedro.credito.repositories.CreditoRepositoryTest

  .   ____          _            __ _ _
 /\\ / ___'_ __ _ _(_)_ __  __ _ \ \ \ \
( ( )\___ | '_ | '_| | '_ \/ _` | \ \ \ \
 \\/  ___)| |_)| | | | | || (_| |  ) ) ) )
  '  |____| .__|_| |_|_| |_\__, | / / / /
 =========|_|==============|___/=/_/_/_/

 :: Spring Boot ::                (v3.4.3)

2025-03-12T00:57:16.559-03:00  INFO 630207 --- [credito] [           main] b.c.p.c.r.CreditoRepositoryTest          : Starting CreditoRepositoryTest using Java 17.0.14 with PID 630207 (started by pedro in /home/pedro/Solipy/api-credito)
2025-03-12T00:57:16.559-03:00  INFO 630207 --- [credito] [           main] b.c.p.c.r.CreditoRepositoryTest          : No active profile set, falling back to 1 default profile: "default"
2025-03-12T00:57:16.700-03:00  INFO 630207 --- [credito] [           main] .s.d.r.c.RepositoryConfigurationDelegate : Bootstrapping Spring Data JPA repositories in DEFAULT mode.
2025-03-12T00:57:16.709-03:00  INFO 630207 --- [credito] [           main] .s.d.r.c.RepositoryConfigurationDelegate : Finished Spring Data repository scanning in 7 ms. Found 1 JPA repository interface.
2025-03-12T00:57:16.881-03:00  INFO 630207 --- [credito] [           main] o.s.b.w.embedded.tomcat.TomcatWebServer  : Tomcat initialized with port 0 (http)
2025-03-12T00:57:16.895-03:00  INFO 630207 --- [credito] [           main] o.apache.catalina.core.StandardService   : Starting service [Tomcat]
2025-03-12T00:57:16.895-03:00  INFO 630207 --- [credito] [           main] o.apache.catalina.core.StandardEngine    : Starting Servlet engine: [Apache Tomcat/10.1.36]
2025-03-12T00:57:16.929-03:00  INFO 630207 --- [credito] [           main] o.a.c.c.C.[Tomcat].[localhost].[/]       : Initializing Spring embedded WebApplicationContext
2025-03-12T00:57:16.930-03:00  INFO 630207 --- [credito] [           main] w.s.c.ServletWebServerApplicationContext : Root WebApplicationContext: initialization completed in 369 ms
2025-03-12T00:57:16.998-03:00  INFO 630207 --- [credito] [           main] o.hibernate.jpa.internal.util.LogHelper  : HHH000204: Processing PersistenceUnitInfo [name: default]
2025-03-12T00:57:17.000-03:00  INFO 630207 --- [credito] [           main] o.h.c.internal.RegionFactoryInitiator    : HHH000026: Second-level cache disabled
2025-03-12T00:57:17.010-03:00  INFO 630207 --- [credito] [           main] o.s.o.j.p.SpringPersistenceUnitInfo      : No LoadTimeWeaver setup: ignoring JPA class transformer
2025-03-12T00:57:17.011-03:00  INFO 630207 --- [credito] [           main] com.zaxxer.hikari.HikariDataSource       : HikariConnectionPool - Starting...
2025-03-12T00:57:17.029-03:00  INFO 630207 --- [credito] [           main] com.zaxxer.hikari.pool.HikariPool        : HikariConnectionPool - Added connection org.postgresql.jdbc.PgConnection@3abe8714
2025-03-12T00:57:17.030-03:00  INFO 630207 --- [credito] [           main] com.zaxxer.hikari.HikariDataSource       : HikariConnectionPool - Start completed.
2025-03-12T00:57:17.034-03:00  WARN 630207 --- [credito] [           main] org.hibernate.orm.deprecation            : HHH90000025: PostgreSQLDialect does not need to be specified explicitly using 'hibernate.dialect' (remove the property setting and it will be selected by default)
2025-03-12T00:57:17.036-03:00  INFO 630207 --- [credito] [           main] org.hibernate.orm.connections.pooling    : HHH10001005: Database info:
	Database JDBC URL [Connecting through datasource 'HikariDataSource (HikariConnectionPool)']
	Database driver: undefined/unknown
	Database version: 17.4
	Autocommit mode: undefined/unknown
	Isolation level: undefined/unknown
	Minimum pool size: undefined/unknown
	Maximum pool size: undefined/unknown
2025-03-12T00:57:17.074-03:00  INFO 630207 --- [credito] [           main] o.h.e.t.j.p.i.JtaPlatformInitiator       : HHH000489: No JTA platform available (set 'hibernate.transaction.jta.platform' to enable JTA platform integration)
Hibernate: set client_min_messages = WARNING
Hibernate: drop table if exists public.credito cascade
Hibernate: create table public.credito (aliquota numeric(38,2), base_calculo numeric(38,2), data_constituicao date, simples_nacional boolean, valor_deducao numeric(38,2), valor_faturado numeric(38,2), valor_issqn numeric(38,2), id bigint generated by default as identity, numero_credito varchar(255), numero_nfse varchar(255), tipo_credito varchar(255), primary key (id))
2025-03-12T00:57:17.105-03:00  INFO 630207 --- [credito] [           main] j.LocalContainerEntityManagerFactoryBean : Initialized JPA EntityManagerFactory for persistence unit 'default'
2025-03-12T00:57:17.150-03:00  WARN 630207 --- [credito] [           main] .s.s.UserDetailsServiceAutoConfiguration : 

Using generated security password: 36f3ab1d-dc74-401f-9ce4-7959d0d2358d

This generated password is for development use only. Your security configuration must be updated before running your application in production.

2025-03-12T00:57:17.151-03:00  INFO 630207 --- [credito] [           main] r$InitializeUserDetailsManagerConfigurer : Global AuthenticationManager configured with UserDetailsService bean with name inMemoryUserDetailsManager
2025-03-12T00:57:17.416-03:00  INFO 630207 --- [credito] [           main] o.s.b.w.embedded.tomcat.TomcatWebServer  : Tomcat started on port 45691 (http) with context path '/'
2025-03-12T00:57:17.420-03:00  INFO 630207 --- [credito] [           main] b.c.p.c.r.CreditoRepositoryTest          : Started CreditoRepositoryTest in 0.885 seconds (process running for 8.202)
Hibernate: insert into public.credito (aliquota,base_calculo,data_constituicao,numero_credito,numero_nfse,simples_nacional,tipo_credito,valor_deducao,valor_faturado,valor_issqn) values (?,?,?,?,?,?,?,?,?,?)
Hibernate: SELECT c.* FROM credito c WHERE c.numero_credito =? LIMIT 1
Hibernate: select c1_0.id,c1_0.aliquota,c1_0.base_calculo,c1_0.data_constituicao,c1_0.numero_credito,c1_0.numero_nfse,c1_0.simples_nacional,c1_0.tipo_credito,c1_0.valor_deducao,c1_0.valor_faturado,c1_0.valor_issqn from public.credito c1_0
Hibernate: delete from public.credito where id=?
]]></system-out>
  </testcase>
  <testcase name="findAllByNumeroNfseVazioTest" classname="br.com.pedro.credito.repositories.CreditoRepositoryTest" time="0.057">
    <system-out><![CDATA[Hibernate: insert into public.credito (aliquota,base_calculo,data_constituicao,numero_credito,numero_nfse,simples_nacional,tipo_credito,valor_deducao,valor_faturado,valor_issqn) values (?,?,?,?,?,?,?,?,?,?)
Hibernate: select c1_0.id,c1_0.aliquota,c1_0.base_calculo,c1_0.data_constituicao,c1_0.numero_credito,c1_0.numero_nfse,c1_0.simples_nacional,c1_0.tipo_credito,c1_0.valor_deducao,c1_0.valor_faturado,c1_0.valor_issqn from public.credito c1_0 where c1_0.numero_nfse=?
Hibernate: select c1_0.id,c1_0.aliquota,c1_0.base_calculo,c1_0.data_constituicao,c1_0.numero_credito,c1_0.numero_nfse,c1_0.simples_nacional,c1_0.tipo_credito,c1_0.valor_deducao,c1_0.valor_faturado,c1_0.valor_issqn from public.credito c1_0
Hibernate: delete from public.credito where id=?
]]></system-out>
  </testcase>
  <testcase name="findOneByNumeroCreditoIncorretoTest" classname="br.com.pedro.credito.repositories.CreditoRepositoryTest" time="0.023">
    <system-out><![CDATA[Hibernate: insert into public.credito (aliquota,base_calculo,data_constituicao,numero_credito,numero_nfse,simples_nacional,tipo_credito,valor_deducao,valor_faturado,valor_issqn) values (?,?,?,?,?,?,?,?,?,?)
Hibernate: SELECT c.* FROM credito c WHERE c.numero_credito =? LIMIT 1
Hibernate: select c1_0.id,c1_0.aliquota,c1_0.base_calculo,c1_0.data_constituicao,c1_0.numero_credito,c1_0.numero_nfse,c1_0.simples_nacional,c1_0.tipo_credito,c1_0.valor_deducao,c1_0.valor_faturado,c1_0.valor_issqn from public.credito c1_0
Hibernate: delete from public.credito where id=?
]]></system-out>
  </testcase>
  <testcase name="findAllByNumeroNfseInvalidoTest" classname="br.com.pedro.credito.repositories.CreditoRepositoryTest" time="0.015">
    <system-out><![CDATA[Hibernate: insert into public.credito (aliquota,base_calculo,data_constituicao,numero_credito,numero_nfse,simples_nacional,tipo_credito,valor_deducao,valor_faturado,valor_issqn) values (?,?,?,?,?,?,?,?,?,?)
Hibernate: select c1_0.id,c1_0.aliquota,c1_0.base_calculo,c1_0.data_constituicao,c1_0.numero_credito,c1_0.numero_nfse,c1_0.simples_nacional,c1_0.tipo_credito,c1_0.valor_deducao,c1_0.valor_faturado,c1_0.valor_issqn from public.credito c1_0 where c1_0.numero_nfse is null
Hibernate: select c1_0.id,c1_0.aliquota,c1_0.base_calculo,c1_0.data_constituicao,c1_0.numero_credito,c1_0.numero_nfse,c1_0.simples_nacional,c1_0.tipo_credito,c1_0.valor_deducao,c1_0.valor_faturado,c1_0.valor_issqn from public.credito c1_0
Hibernate: delete from public.credito where id=?
]]></system-out>
  </testcase>
  <testcase name="findAllByNumeroNfseTest" classname="br.com.pedro.credito.repositories.CreditoRepositoryTest" time="0.018">
    <system-out><![CDATA[Hibernate: insert into public.credito (aliquota,base_calculo,data_constituicao,numero_credito,numero_nfse,simples_nacional,tipo_credito,valor_deducao,valor_faturado,valor_issqn) values (?,?,?,?,?,?,?,?,?,?)
Hibernate: select c1_0.id,c1_0.aliquota,c1_0.base_calculo,c1_0.data_constituicao,c1_0.numero_credito,c1_0.numero_nfse,c1_0.simples_nacional,c1_0.tipo_credito,c1_0.valor_deducao,c1_0.valor_faturado,c1_0.valor_issqn from public.credito c1_0 where c1_0.numero_nfse=?
Hibernate: select c1_0.id,c1_0.aliquota,c1_0.base_calculo,c1_0.data_constituicao,c1_0.numero_credito,c1_0.numero_nfse,c1_0.simples_nacional,c1_0.tipo_credito,c1_0.valor_deducao,c1_0.valor_faturado,c1_0.valor_issqn from public.credito c1_0
Hibernate: delete from public.credito where id=?
]]></system-out>
  </testcase>
  <testcase name="findAllByNumeroNfseIncorretoTest" classname="br.com.pedro.credito.repositories.CreditoRepositoryTest" time="0.016">
    <system-out><![CDATA[Hibernate: insert into public.credito (aliquota,base_calculo,data_constituicao,numero_credito,numero_nfse,simples_nacional,tipo_credito,valor_deducao,valor_faturado,valor_issqn) values (?,?,?,?,?,?,?,?,?,?)
Hibernate: select c1_0.id,c1_0.aliquota,c1_0.base_calculo,c1_0.data_constituicao,c1_0.numero_credito,c1_0.numero_nfse,c1_0.simples_nacional,c1_0.tipo_credito,c1_0.valor_deducao,c1_0.valor_faturado,c1_0.valor_issqn from public.credito c1_0 where c1_0.numero_nfse=?
Hibernate: select c1_0.id,c1_0.aliquota,c1_0.base_calculo,c1_0.data_constituicao,c1_0.numero_credito,c1_0.numero_nfse,c1_0.simples_nacional,c1_0.tipo_credito,c1_0.valor_deducao,c1_0.valor_faturado,c1_0.valor_issqn from public.credito c1_0
Hibernate: delete from public.credito where id=?
]]></system-out>
  </testcase>
  <testcase name="findOneByNumeroCreditoVazioTest" classname="br.com.pedro.credito.repositories.CreditoRepositoryTest" time="0.015">
    <system-out><![CDATA[Hibernate: insert into public.credito (aliquota,base_calculo,data_constituicao,numero_credito,numero_nfse,simples_nacional,tipo_credito,valor_deducao,valor_faturado,valor_issqn) values (?,?,?,?,?,?,?,?,?,?)
Hibernate: SELECT c.* FROM credito c WHERE c.numero_credito =? LIMIT 1
Hibernate: select c1_0.id,c1_0.aliquota,c1_0.base_calculo,c1_0.data_constituicao,c1_0.numero_credito,c1_0.numero_nfse,c1_0.simples_nacional,c1_0.tipo_credito,c1_0.valor_deducao,c1_0.valor_faturado,c1_0.valor_issqn from public.credito c1_0
Hibernate: delete from public.credito where id=?
]]></system-out>
  </testcase>
  <testcase name="findOneByNumeroCreditoTest" classname="br.com.pedro.credito.repositories.CreditoRepositoryTest" time="0.015">
    <system-out><![CDATA[Hibernate: insert into public.credito (aliquota,base_calculo,data_constituicao,numero_credito,numero_nfse,simples_nacional,tipo_credito,valor_deducao,valor_faturado,valor_issqn) values (?,?,?,?,?,?,?,?,?,?)
Hibernate: SELECT c.* FROM credito c WHERE c.numero_credito =? LIMIT 1
Hibernate: select c1_0.id,c1_0.aliquota,c1_0.base_calculo,c1_0.data_constituicao,c1_0.numero_credito,c1_0.numero_nfse,c1_0.simples_nacional,c1_0.tipo_credito,c1_0.valor_deducao,c1_0.valor_faturado,c1_0.valor_issqn from public.credito c1_0
Hibernate: delete from public.credito where id=?
]]></system-out>
  </testcase>
</testsuite>